[0.016s] Invoking command in '/home/rajeev/OneDrive/CODING/ROS/lg/build/lg-robot': CMAKE_PREFIX_PATH=${CMAKE_PREFIX_PATH}:/home/rajeev/turtle/install/turtlebot3_teleop:/home/rajeev/turtle/install/turtlebot3_example:/opt/ros/humble /usr/bin/cmake --build /home/rajeev/OneDrive/CODING/ROS/lg/build/lg-robot -- -j12 -l12
[0.046s] -- Found ament_cmake: 1.3.9 (/opt/ros/humble/share/ament_cmake/cmake)
[0.195s] -- Found ament_lint_auto: 0.12.11 (/opt/ros/humble/share/ament_lint_auto/cmake)
[0.247s] -- Added test 'flake8' to check Python code syntax and style conventions
[0.248s] -- Added test 'lint_cmake' to check CMake code style
[0.249s] -- Added test 'pep257' to check Python code against some of the docstring style conventions in PEP 257
[0.250s] -- Added test 'xmllint' to check XML markup files
[0.250s] -- Configuring done
[0.253s] -- Generating done
[0.254s] -- Build files have been written to: /home/rajeev/OneDrive/CODING/ROS/lg/build/lg-robot
[0.279s] Invoked command in '/home/rajeev/OneDrive/CODING/ROS/lg/build/lg-robot' returned '0': CMAKE_PREFIX_PATH=${CMAKE_PREFIX_PATH}:/home/rajeev/turtle/install/turtlebot3_teleop:/home/rajeev/turtle/install/turtlebot3_example:/opt/ros/humble /usr/bin/cmake --build /home/rajeev/OneDrive/CODING/ROS/lg/build/lg-robot -- -j12 -l12
[0.320s] Invoking command in '/home/rajeev/OneDrive/CODING/ROS/lg/build/lg-robot': CMAKE_PREFIX_PATH=${CMAKE_PREFIX_PATH}:/home/rajeev/turtle/install/turtlebot3_teleop:/home/rajeev/turtle/install/turtlebot3_example:/opt/ros/humble /usr/bin/cmake --install /home/rajeev/OneDrive/CODING/ROS/lg/build/lg-robot
[0.330s] -- Install configuration: ""
[0.331s] -- Up-to-date: /home/rajeev/OneDrive/CODING/ROS/lg/install/lg-robot/share/lg-robot/meshes
[0.331s] -- Up-to-date: /home/rajeev/OneDrive/CODING/ROS/lg/install/lg-robot/share/lg-robot/meshes/leg_bottom.stl
[0.331s] -- Up-to-date: /home/rajeev/OneDrive/CODING/ROS/lg/install/lg-robot/share/lg-robot/meshes/cover_clamp.stl
[0.331s] -- Up-to-date: /home/rajeev/OneDrive/CODING/ROS/lg/install/lg-robot/share/lg-robot/meshes/leg_shoes_print_with_flexible.stl
[0.331s] -- Up-to-date: /home/rajeev/OneDrive/CODING/ROS/lg/install/lg-robot/share/lg-robot/meshes/legs_holder_part1.stl
[0.332s] -- Up-to-date: /home/rajeev/OneDrive/CODING/ROS/lg/install/lg-robot/share/lg-robot/meshes/legs_holder_part2.stl
[0.332s] -- Up-to-date: /home/rajeev/OneDrive/CODING/ROS/lg/install/lg-robot/share/lg-robot/meshes/CALIBRATION_LEG-Beta_and_Gamma.stl
[0.332s] -- Up-to-date: /home/rajeev/OneDrive/CODING/ROS/lg/install/lg-robot/share/lg-robot/meshes/leg_top.stl
[0.332s] -- Up-to-date: /home/rajeev/OneDrive/CODING/ROS/lg/install/lg-robot/share/lg-robot/meshes/shoulder_part1.stl
[0.332s] -- Up-to-date: /home/rajeev/OneDrive/CODING/ROS/lg/install/lg-robot/share/lg-robot/meshes/CALIBRATION_LEG-Alpha.stl
[0.332s] -- Up-to-date: /home/rajeev/OneDrive/CODING/ROS/lg/install/lg-robot/share/lg-robot/meshes/CALIBRATION_SERVO-10deg.stl
[0.332s] -- Up-to-date: /home/rajeev/OneDrive/CODING/ROS/lg/install/lg-robot/share/lg-robot/meshes/servo_gear.stl
[0.333s] -- Up-to-date: /home/rajeev/OneDrive/CODING/ROS/lg/install/lg-robot/share/lg-robot/meshes/body.stl
[0.333s] -- Up-to-date: /home/rajeev/OneDrive/CODING/ROS/lg/install/lg-robot/share/lg-robot/meshes/cover.stl
[0.333s] -- Up-to-date: /home/rajeev/OneDrive/CODING/ROS/lg/install/lg-robot/share/lg-robot/meshes/shoulder_part2.stl
[0.333s] -- Up-to-date: /home/rajeev/OneDrive/CODING/ROS/lg/install/lg-robot/share/lg-robot/urdf
[0.333s] -- Up-to-date: /home/rajeev/OneDrive/CODING/ROS/lg/install/lg-robot/share/lg-robot/urdf/lgrobot.urdf.xacro
[0.333s] -- Installing: /home/rajeev/OneDrive/CODING/ROS/lg/install/lg-robot/share/lg-robot/launch
[0.333s] -- Installing: /home/rajeev/OneDrive/CODING/ROS/lg/install/lg-robot/share/lg-robot/launch/gazebo.launch.py
[0.334s] -- Installing: /home/rajeev/OneDrive/CODING/ROS/lg/install/lg-robot/share/ament_index/resource_index/package_run_dependencies/lg-robot
[0.334s] -- Installing: /home/rajeev/OneDrive/CODING/ROS/lg/install/lg-robot/share/ament_index/resource_index/parent_prefix_path/lg-robot
[0.335s] -- Up-to-date: /home/rajeev/OneDrive/CODING/ROS/lg/install/lg-robot/share/lg-robot/environment/ament_prefix_path.sh
[0.335s] -- Installing: /home/rajeev/OneDrive/CODING/ROS/lg/install/lg-robot/share/lg-robot/environment/ament_prefix_path.dsv
[0.336s] -- Up-to-date: /home/rajeev/OneDrive/CODING/ROS/lg/install/lg-robot/share/lg-robot/environment/path.sh
[0.336s] -- Installing: /home/rajeev/OneDrive/CODING/ROS/lg/install/lg-robot/share/lg-robot/environment/path.dsv
[0.337s] -- Up-to-date: /home/rajeev/OneDrive/CODING/ROS/lg/install/lg-robot/share/lg-robot/local_setup.bash
[0.337s] -- Up-to-date: /home/rajeev/OneDrive/CODING/ROS/lg/install/lg-robot/share/lg-robot/local_setup.sh
[0.337s] -- Up-to-date: /home/rajeev/OneDrive/CODING/ROS/lg/install/lg-robot/share/lg-robot/local_setup.zsh
[0.337s] -- Installing: /home/rajeev/OneDrive/CODING/ROS/lg/install/lg-robot/share/lg-robot/local_setup.dsv
[0.338s] -- Installing: /home/rajeev/OneDrive/CODING/ROS/lg/install/lg-robot/share/lg-robot/package.dsv
[0.338s] -- Up-to-date: /home/rajeev/OneDrive/CODING/ROS/lg/install/lg-robot/share/ament_index/resource_index/packages/lg-robot
[0.338s] -- Up-to-date: /home/rajeev/OneDrive/CODING/ROS/lg/install/lg-robot/share/lg-robot/cmake/lg-robotConfig.cmake
[0.339s] -- Up-to-date: /home/rajeev/OneDrive/CODING/ROS/lg/install/lg-robot/share/lg-robot/cmake/lg-robotConfig-version.cmake
[0.339s] -- Installing: /home/rajeev/OneDrive/CODING/ROS/lg/install/lg-robot/share/lg-robot/package.xml
[0.340s] Invoked command in '/home/rajeev/OneDrive/CODING/ROS/lg/build/lg-robot' returned '0': CMAKE_PREFIX_PATH=${CMAKE_PREFIX_PATH}:/home/rajeev/turtle/install/turtlebot3_teleop:/home/rajeev/turtle/install/turtlebot3_example:/opt/ros/humble /usr/bin/cmake --install /home/rajeev/OneDrive/CODING/ROS/lg/build/lg-robot
