-- Found ament_cmake: 1.3.9 (/opt/ros/humble/share/ament_cmake/cmake)
-- Found ament_lint_auto: 0.12.11 (/opt/ros/humble/share/ament_lint_auto/cmake)
-- Added test 'lint_cmake' to check CMake code style
-- Added test 'xmllint' to check XML markup files
-- Configuring done
-- Generating done
-- Build files have been written to: /home/rajeev/OneDrive/CODING/ROS/lg/build/lg-robot
-- Install configuration: ""
-- Installing: /home/rajeev/OneDrive/CODING/ROS/lg/install/lg-robot/share/lg-robot/meshes
-- Installing: /home/rajeev/OneDrive/CODING/ROS/lg/install/lg-robot/share/lg-robot/meshes/leg_bottom.stl
-- Installing: /home/rajeev/OneDrive/CODING/ROS/lg/install/lg-robot/share/lg-robot/meshes/cover_clamp.stl
-- Installing: /home/rajeev/OneDrive/CODING/ROS/lg/install/lg-robot/share/lg-robot/meshes/leg_shoes_print_with_flexible.stl
-- Installing: /home/rajeev/OneDrive/CODING/ROS/lg/install/lg-robot/share/lg-robot/meshes/legs_holder_part1.stl
-- Installing: /home/rajeev/OneDrive/CODING/ROS/lg/install/lg-robot/share/lg-robot/meshes/legs_holder_part2.stl
-- Installing: /home/rajeev/OneDrive/CODING/ROS/lg/install/lg-robot/share/lg-robot/meshes/CALIBRATION_LEG-Beta_and_Gamma.stl
-- Installing: /home/rajeev/OneDrive/CODING/ROS/lg/install/lg-robot/share/lg-robot/meshes/leg_top.stl
-- Installing: /home/rajeev/OneDrive/CODING/ROS/lg/install/lg-robot/share/lg-robot/meshes/shoulder_part1.stl
-- Installing: /home/rajeev/OneDrive/CODING/ROS/lg/install/lg-robot/share/lg-robot/meshes/CALIBRATION_LEG-Alpha.stl
-- Installing: /home/rajeev/OneDrive/CODING/ROS/lg/install/lg-robot/share/lg-robot/meshes/CALIBRATION_SERVO-10deg.stl
-- Installing: /home/rajeev/OneDrive/CODING/ROS/lg/install/lg-robot/share/lg-robot/meshes/servo_gear.stl
-- Installing: /home/rajeev/OneDrive/CODING/ROS/lg/install/lg-robot/share/lg-robot/meshes/body.stl
-- Installing: /home/rajeev/OneDrive/CODING/ROS/lg/install/lg-robot/share/lg-robot/meshes/cover.stl
-- Installing: /home/rajeev/OneDrive/CODING/ROS/lg/install/lg-robot/share/lg-robot/meshes/shoulder_part2.stl
-- Installing: /home/rajeev/OneDrive/CODING/ROS/lg/install/lg-robot/share/lg-robot/urdf
-- Installing: /home/rajeev/OneDrive/CODING/ROS/lg/install/lg-robot/share/lg-robot/urdf/lgrobot.urdf.xacro
[31mCMake Error at cmake_install.cmake:46 (file):
  file INSTALL cannot find
  "/home/rajeev/OneDrive/CODING/ROS/lg/src/lg-robot/models": No such file or
  directory.

[0m
