[0.007s] Invoking command in '/home/rajeev/OneDrive/CODING/ROS/lg/build/lg-robot': CMAKE_PREFIX_PATH=${CMAKE_PREFIX_PATH}:/home/rajeev/turtle/install/turtlebot3_teleop:/home/rajeev/turtle/install/turtlebot3_example:/opt/ros/humble /usr/bin/cmake --build /home/rajeev/OneDrive/CODING/ROS/lg/build/lg-robot -- -j12 -l12
[0.022s] -- Found ament_cmake: 1.3.9 (/opt/ros/humble/share/ament_cmake/cmake)
[0.093s] -- Found ament_lint_auto: 0.12.11 (/opt/ros/humble/share/ament_lint_auto/cmake)
[0.139s] -- Added test 'lint_cmake' to check CMake code style
[0.140s] -- Added test 'xmllint' to check XML markup files
[0.140s] -- Configuring done
[0.142s] -- Generating done
[0.142s] -- Build files have been written to: /home/rajeev/OneDrive/CODING/ROS/lg/build/lg-robot
[0.154s] Invoked command in '/home/rajeev/OneDrive/CODING/ROS/lg/build/lg-robot' returned '0': CMAKE_PREFIX_PATH=${CMAKE_PREFIX_PATH}:/home/rajeev/turtle/install/turtlebot3_teleop:/home/rajeev/turtle/install/turtlebot3_example:/opt/ros/humble /usr/bin/cmake --build /home/rajeev/OneDrive/CODING/ROS/lg/build/lg-robot -- -j12 -l12
[0.172s] Invoking command in '/home/rajeev/OneDrive/CODING/ROS/lg/build/lg-robot': CMAKE_PREFIX_PATH=${CMAKE_PREFIX_PATH}:/home/rajeev/turtle/install/turtlebot3_teleop:/home/rajeev/turtle/install/turtlebot3_example:/opt/ros/humble /usr/bin/cmake --install /home/rajeev/OneDrive/CODING/ROS/lg/build/lg-robot
[0.176s] -- Install configuration: ""
[0.176s] -- Installing: /home/rajeev/OneDrive/CODING/ROS/lg/install/lg-robot/share/lg-robot/meshes
[0.176s] -- Installing: /home/rajeev/OneDrive/CODING/ROS/lg/install/lg-robot/share/lg-robot/meshes/leg_bottom.stl
[0.177s] -- Installing: /home/rajeev/OneDrive/CODING/ROS/lg/install/lg-robot/share/lg-robot/meshes/cover_clamp.stl
[0.179s] -- Installing: /home/rajeev/OneDrive/CODING/ROS/lg/install/lg-robot/share/lg-robot/meshes/leg_shoes_print_with_flexible.stl
[0.179s] -- Installing: /home/rajeev/OneDrive/CODING/ROS/lg/install/lg-robot/share/lg-robot/meshes/legs_holder_part1.stl
[0.180s] -- Installing: /home/rajeev/OneDrive/CODING/ROS/lg/install/lg-robot/share/lg-robot/meshes/legs_holder_part2.stl
[0.180s] -- Installing: /home/rajeev/OneDrive/CODING/ROS/lg/install/lg-robot/share/lg-robot/meshes/CALIBRATION_LEG-Beta_and_Gamma.stl
[0.181s] -- Installing: /home/rajeev/OneDrive/CODING/ROS/lg/install/lg-robot/share/lg-robot/meshes/leg_top.stl
[0.181s] -- Installing: /home/rajeev/OneDrive/CODING/ROS/lg/install/lg-robot/share/lg-robot/meshes/shoulder_part1.stl
[0.181s] -- Installing: /home/rajeev/OneDrive/CODING/ROS/lg/install/lg-robot/share/lg-robot/meshes/CALIBRATION_LEG-Alpha.stl
[0.181s] -- Installing: /home/rajeev/OneDrive/CODING/ROS/lg/install/lg-robot/share/lg-robot/meshes/CALIBRATION_SERVO-10deg.stl
[0.182s] -- Installing: /home/rajeev/OneDrive/CODING/ROS/lg/install/lg-robot/share/lg-robot/meshes/servo_gear.stl
[0.182s] -- Installing: /home/rajeev/OneDrive/CODING/ROS/lg/install/lg-robot/share/lg-robot/meshes/body.stl
[0.183s] -- Installing: /home/rajeev/OneDrive/CODING/ROS/lg/install/lg-robot/share/lg-robot/meshes/cover.stl
[0.186s] -- Installing: /home/rajeev/OneDrive/CODING/ROS/lg/install/lg-robot/share/lg-robot/meshes/shoulder_part2.stl
[0.186s] -- Installing: /home/rajeev/OneDrive/CODING/ROS/lg/install/lg-robot/share/lg-robot/urdf
[0.186s] -- Installing: /home/rajeev/OneDrive/CODING/ROS/lg/install/lg-robot/share/lg-robot/urdf/lgrobot.urdf.xacro
[0.186s] [31mCMake Error at cmake_install.cmake:46 (file):
[0.186s]   file INSTALL cannot find
[0.186s]   "/home/rajeev/OneDrive/CODING/ROS/lg/src/lg-robot/models": No such file or
[0.186s]   directory.
[0.186s] 
[0.187s] [0m
[0.187s] Invoked command in '/home/rajeev/OneDrive/CODING/ROS/lg/build/lg-robot' returned '1': CMAKE_PREFIX_PATH=${CMAKE_PREFIX_PATH}:/home/rajeev/turtle/install/turtlebot3_teleop:/home/rajeev/turtle/install/turtlebot3_example:/opt/ros/humble /usr/bin/cmake --install /home/rajeev/OneDrive/CODING/ROS/lg/build/lg-robot
