[0.007s] Invoking command in '/home/rajeev/OneDrive/CODING/ROS/lg/build/lg-robot': CMAKE_PREFIX_PATH=${CMAKE_PREFIX_PATH}:/home/rajeev/turtle/install/turtlebot3_teleop:/home/rajeev/turtle/install/turtlebot3_example:/opt/ros/humble /usr/bin/cmake /home/rajeev/OneDrive/CODING/ROS/lg/src/lg-robot -DCMAKE_INSTALL_PREFIX=/home/rajeev/OneDrive/CODING/ROS/lg/install/lg-robot
[0.038s] -- The C compiler identification is GNU 11.4.0
[0.067s] -- The CXX compiler identification is GNU 11.4.0
[0.071s] -- Detecting C compiler ABI info
[0.108s] -- Detecting C compiler ABI info - done
[0.112s] -- Check for working C compiler: /usr/bin/cc - skipped
[0.112s] -- Detecting C compile features
[0.113s] -- Detecting C compile features - done
[0.114s] -- Detecting CXX compiler ABI info
[0.159s] -- Detecting CXX compiler ABI info - done
[0.164s] -- Check for working CXX compiler: /usr/bin/c++ - skipped
[0.164s] -- Detecting CXX compile features
[0.164s] -- Detecting CXX compile features - done
[0.166s] -- Found ament_cmake: 1.3.9 (/opt/ros/humble/share/ament_cmake/cmake)
[0.256s] -- Found Python3: /usr/bin/python3 (found version "3.10.12") found components: Interpreter 
[0.314s] -- Found ament_lint_auto: 0.12.11 (/opt/ros/humble/share/ament_lint_auto/cmake)
[0.362s] -- Added test 'lint_cmake' to check CMake code style
[0.362s] -- Added test 'xmllint' to check XML markup files
[0.363s] -- Configuring done
[0.365s] -- Generating done
[0.365s] -- Build files have been written to: /home/rajeev/OneDrive/CODING/ROS/lg/build/lg-robot
[0.367s] Invoked command in '/home/rajeev/OneDrive/CODING/ROS/lg/build/lg-robot' returned '0': CMAKE_PREFIX_PATH=${CMAKE_PREFIX_PATH}:/home/rajeev/turtle/install/turtlebot3_teleop:/home/rajeev/turtle/install/turtlebot3_example:/opt/ros/humble /usr/bin/cmake /home/rajeev/OneDrive/CODING/ROS/lg/src/lg-robot -DCMAKE_INSTALL_PREFIX=/home/rajeev/OneDrive/CODING/ROS/lg/install/lg-robot
[0.369s] Invoking command in '/home/rajeev/OneDrive/CODING/ROS/lg/build/lg-robot': CMAKE_PREFIX_PATH=${CMAKE_PREFIX_PATH}:/home/rajeev/turtle/install/turtlebot3_teleop:/home/rajeev/turtle/install/turtlebot3_example:/opt/ros/humble /usr/bin/cmake --build /home/rajeev/OneDrive/CODING/ROS/lg/build/lg-robot -- -j12 -l12
[0.389s] Invoked command in '/home/rajeev/OneDrive/CODING/ROS/lg/build/lg-robot' returned '0': CMAKE_PREFIX_PATH=${CMAKE_PREFIX_PATH}:/home/rajeev/turtle/install/turtlebot3_teleop:/home/rajeev/turtle/install/turtlebot3_example:/opt/ros/humble /usr/bin/cmake --build /home/rajeev/OneDrive/CODING/ROS/lg/build/lg-robot -- -j12 -l12
[0.406s] Invoking command in '/home/rajeev/OneDrive/CODING/ROS/lg/build/lg-robot': CMAKE_PREFIX_PATH=${CMAKE_PREFIX_PATH}:/home/rajeev/turtle/install/turtlebot3_teleop:/home/rajeev/turtle/install/turtlebot3_example:/opt/ros/humble /usr/bin/cmake --install /home/rajeev/OneDrive/CODING/ROS/lg/build/lg-robot
[0.410s] -- Install configuration: ""
[0.411s] -- Installing: /home/rajeev/OneDrive/CODING/ROS/lg/install/lg-robot/share/ament_index/resource_index/package_run_dependencies/lg-robot
[0.411s] -- Installing: /home/rajeev/OneDrive/CODING/ROS/lg/install/lg-robot/share/ament_index/resource_index/parent_prefix_path/lg-robot
[0.411s] -- Installing: /home/rajeev/OneDrive/CODING/ROS/lg/install/lg-robot/share/lg-robot/environment/ament_prefix_path.sh
[0.411s] -- Installing: /home/rajeev/OneDrive/CODING/ROS/lg/install/lg-robot/share/lg-robot/environment/ament_prefix_path.dsv
[0.411s] -- Installing: /home/rajeev/OneDrive/CODING/ROS/lg/install/lg-robot/share/lg-robot/environment/path.sh
[0.411s] -- Installing: /home/rajeev/OneDrive/CODING/ROS/lg/install/lg-robot/share/lg-robot/environment/path.dsv
[0.411s] -- Installing: /home/rajeev/OneDrive/CODING/ROS/lg/install/lg-robot/share/lg-robot/local_setup.bash
[0.411s] -- Installing: /home/rajeev/OneDrive/CODING/ROS/lg/install/lg-robot/share/lg-robot/local_setup.sh
[0.411s] -- Installing: /home/rajeev/OneDrive/CODING/ROS/lg/install/lg-robot/share/lg-robot/local_setup.zsh
[0.411s] -- Installing: /home/rajeev/OneDrive/CODING/ROS/lg/install/lg-robot/share/lg-robot/local_setup.dsv
[0.411s] -- Installing: /home/rajeev/OneDrive/CODING/ROS/lg/install/lg-robot/share/lg-robot/package.dsv
[0.411s] -- Installing: /home/rajeev/OneDrive/CODING/ROS/lg/install/lg-robot/share/ament_index/resource_index/packages/lg-robot
[0.411s] -- Installing: /home/rajeev/OneDrive/CODING/ROS/lg/install/lg-robot/share/lg-robot/cmake/lg-robotConfig.cmake
[0.411s] -- Installing: /home/rajeev/OneDrive/CODING/ROS/lg/install/lg-robot/share/lg-robot/cmake/lg-robotConfig-version.cmake
[0.411s] -- Installing: /home/rajeev/OneDrive/CODING/ROS/lg/install/lg-robot/share/lg-robot/package.xml
[0.412s] Invoked command in '/home/rajeev/OneDrive/CODING/ROS/lg/build/lg-robot' returned '0': CMAKE_PREFIX_PATH=${CMAKE_PREFIX_PATH}:/home/rajeev/turtle/install/turtlebot3_teleop:/home/rajeev/turtle/install/turtlebot3_example:/opt/ros/humble /usr/bin/cmake --install /home/rajeev/OneDrive/CODING/ROS/lg/build/lg-robot
