[0.077s] DEBUG:colcon:Command line arguments: ['/usr/bin/colcon', 'list', '-p', '--base-paths', '/home/rajeev/OneDrive/CODING/ROS/lg']
[0.078s] DEBUG:colcon:Parsed command line arguments: Namespace(log_base=None, log_level=None, verb_name='list', build_base='build', ignore_user_meta=False, metas=['./colcon.meta'], base_paths=['/home/rajeev/OneDrive/CODING/ROS/lg'], packages_ignore=None, packages_ignore_regex=None, paths=None, packages_up_to=None, packages_up_to_regex=None, packages_above=None, packages_above_and_dependencies=None, packages_above_depth=None, packages_select_by_dep=None, packages_skip_by_dep=None, packages_skip_up_to=None, packages_select_build_failed=False, packages_skip_build_finished=False, packages_select_test_failures=False, packages_skip_test_passed=False, packages_select=None, packages_skip=None, packages_select_regex=None, packages_skip_regex=None, packages_start=None, packages_end=None, allow_overriding=[], topological_order=False, names_only=False, paths_only=True, topological_graph=False, topological_graph_dot=False, topological_graph_density=False, topological_graph_legend=False, topological_graph_dot_cluster=False, topological_graph_dot_include_skipped=False, verb_parser=<colcon_defaults.argument_parser.defaults.DefaultArgumentsDecorator object at 0x7032b4a56620>, verb_extension=<colcon_package_information.verb.list.ListVerb object at 0x7032b4a557e0>, main=<bound method ListVerb.main of <colcon_package_information.verb.list.ListVerb object at 0x7032b4a557e0>>)
[0.202s] Level 1:colcon.colcon_core.package_discovery:discover_packages(colcon_meta) check parameters
[0.202s] Level 1:colcon.colcon_core.package_discovery:discover_packages(recursive) check parameters
[0.202s] Level 1:colcon.colcon_core.package_discovery:discover_packages(ignore) check parameters
[0.202s] Level 1:colcon.colcon_core.package_discovery:discover_packages(path) check parameters
[0.202s] Level 1:colcon.colcon_core.package_discovery:discover_packages(recursive) discover
[0.202s] INFO:colcon.colcon_core.package_discovery:Crawling recursively for packages in '/home/rajeev/OneDrive/CODING/ROS/lg'
[0.202s] Level 1:colcon.colcon_core.package_identification:_identify(/home/rajeev/OneDrive/CODING/ROS/lg) by extensions ['ignore', 'ignore_ament_install']
[0.202s] Level 1:colcon.colcon_core.package_identification:_identify(/home/rajeev/OneDrive/CODING/ROS/lg) by extension 'ignore'
[0.202s] Level 1:colcon.colcon_core.package_identification:_identify(/home/rajeev/OneDrive/CODING/ROS/lg) by extension 'ignore_ament_install'
[0.202s] Level 1:colcon.colcon_core.package_identification:_identify(/home/rajeev/OneDrive/CODING/ROS/lg) by extensions ['colcon_pkg']
[0.202s] Level 1:colcon.colcon_core.package_identification:_identify(/home/rajeev/OneDrive/CODING/ROS/lg) by extension 'colcon_pkg'
[0.202s] Level 1:colcon.colcon_core.package_identification:_identify(/home/rajeev/OneDrive/CODING/ROS/lg) by extensions ['colcon_meta']
[0.202s] Level 1:colcon.colcon_core.package_identification:_identify(/home/rajeev/OneDrive/CODING/ROS/lg) by extension 'colcon_meta'
[0.202s] Level 1:colcon.colcon_core.package_identification:_identify(/home/rajeev/OneDrive/CODING/ROS/lg) by extensions ['ros']
[0.202s] Level 1:colcon.colcon_core.package_identification:_identify(/home/rajeev/OneDrive/CODING/ROS/lg) by extension 'ros'
[0.210s] Level 1:colcon.colcon_core.package_identification:_identify(/home/rajeev/OneDrive/CODING/ROS/lg) by extensions ['cmake', 'python']
[0.210s] Level 1:colcon.colcon_core.package_identification:_identify(/home/rajeev/OneDrive/CODING/ROS/lg) by extension 'cmake'
[0.210s] Level 1:colcon.colcon_core.package_identification:_identify(/home/rajeev/OneDrive/CODING/ROS/lg) by extension 'python'
[0.210s] Level 1:colcon.colcon_core.package_identification:_identify(/home/rajeev/OneDrive/CODING/ROS/lg) by extensions ['python_setup_py']
[0.210s] Level 1:colcon.colcon_core.package_identification:_identify(/home/rajeev/OneDrive/CODING/ROS/lg) by extension 'python_setup_py'
[0.210s] Level 1:colcon.colcon_core.package_identification:_identify(/home/rajeev/OneDrive/CODING/ROS/lg/build) by extensions ['ignore', 'ignore_ament_install']
[0.210s] Level 1:colcon.colcon_core.package_identification:_identify(/home/rajeev/OneDrive/CODING/ROS/lg/build) by extension 'ignore'
[0.210s] Level 1:colcon.colcon_core.package_identification:_identify(/home/rajeev/OneDrive/CODING/ROS/lg/build) ignored
[0.210s] Level 1:colcon.colcon_core.package_identification:_identify(/home/rajeev/OneDrive/CODING/ROS/lg/install) by extensions ['ignore', 'ignore_ament_install']
[0.211s] Level 1:colcon.colcon_core.package_identification:_identify(/home/rajeev/OneDrive/CODING/ROS/lg/install) by extension 'ignore'
[0.211s] Level 1:colcon.colcon_core.package_identification:_identify(/home/rajeev/OneDrive/CODING/ROS/lg/install) ignored
[0.211s] Level 1:colcon.colcon_core.package_identification:_identify(/home/rajeev/OneDrive/CODING/ROS/lg/log) by extensions ['ignore', 'ignore_ament_install']
[0.211s] Level 1:colcon.colcon_core.package_identification:_identify(/home/rajeev/OneDrive/CODING/ROS/lg/log) by extension 'ignore'
[0.211s] Level 1:colcon.colcon_core.package_identification:_identify(/home/rajeev/OneDrive/CODING/ROS/lg/log) ignored
[0.211s] Level 1:colcon.colcon_core.package_identification:_identify(/home/rajeev/OneDrive/CODING/ROS/lg/src) by extensions ['ignore', 'ignore_ament_install']
[0.211s] Level 1:colcon.colcon_core.package_identification:_identify(/home/rajeev/OneDrive/CODING/ROS/lg/src) by extension 'ignore'
[0.211s] Level 1:colcon.colcon_core.package_identification:_identify(/home/rajeev/OneDrive/CODING/ROS/lg/src) by extension 'ignore_ament_install'
[0.211s] Level 1:colcon.colcon_core.package_identification:_identify(/home/rajeev/OneDrive/CODING/ROS/lg/src) by extensions ['colcon_pkg']
[0.211s] Level 1:colcon.colcon_core.package_identification:_identify(/home/rajeev/OneDrive/CODING/ROS/lg/src) by extension 'colcon_pkg'
[0.211s] Level 1:colcon.colcon_core.package_identification:_identify(/home/rajeev/OneDrive/CODING/ROS/lg/src) by extensions ['colcon_meta']
[0.211s] Level 1:colcon.colcon_core.package_identification:_identify(/home/rajeev/OneDrive/CODING/ROS/lg/src) by extension 'colcon_meta'
[0.211s] Level 1:colcon.colcon_core.package_identification:_identify(/home/rajeev/OneDrive/CODING/ROS/lg/src) by extensions ['ros']
[0.211s] Level 1:colcon.colcon_core.package_identification:_identify(/home/rajeev/OneDrive/CODING/ROS/lg/src) by extension 'ros'
[0.211s] Level 1:colcon.colcon_core.package_identification:_identify(/home/rajeev/OneDrive/CODING/ROS/lg/src) by extensions ['cmake', 'python']
[0.211s] Level 1:colcon.colcon_core.package_identification:_identify(/home/rajeev/OneDrive/CODING/ROS/lg/src) by extension 'cmake'
[0.211s] Level 1:colcon.colcon_core.package_identification:_identify(/home/rajeev/OneDrive/CODING/ROS/lg/src) by extension 'python'
[0.211s] Level 1:colcon.colcon_core.package_identification:_identify(/home/rajeev/OneDrive/CODING/ROS/lg/src) by extensions ['python_setup_py']
[0.211s] Level 1:colcon.colcon_core.package_identification:_identify(/home/rajeev/OneDrive/CODING/ROS/lg/src) by extension 'python_setup_py'
[0.211s] Level 1:colcon.colcon_core.package_identification:_identify(/home/rajeev/OneDrive/CODING/ROS/lg/src/lg-robot) by extensions ['ignore', 'ignore_ament_install']
[0.212s] Level 1:colcon.colcon_core.package_identification:_identify(/home/rajeev/OneDrive/CODING/ROS/lg/src/lg-robot) by extension 'ignore'
[0.212s] Level 1:colcon.colcon_core.package_identification:_identify(/home/rajeev/OneDrive/CODING/ROS/lg/src/lg-robot) by extension 'ignore_ament_install'
[0.212s] Level 1:colcon.colcon_core.package_identification:_identify(/home/rajeev/OneDrive/CODING/ROS/lg/src/lg-robot) by extensions ['colcon_pkg']
[0.212s] Level 1:colcon.colcon_core.package_identification:_identify(/home/rajeev/OneDrive/CODING/ROS/lg/src/lg-robot) by extension 'colcon_pkg'
[0.212s] Level 1:colcon.colcon_core.package_identification:_identify(/home/rajeev/OneDrive/CODING/ROS/lg/src/lg-robot) by extensions ['colcon_meta']
[0.212s] Level 1:colcon.colcon_core.package_identification:_identify(/home/rajeev/OneDrive/CODING/ROS/lg/src/lg-robot) by extension 'colcon_meta'
[0.212s] Level 1:colcon.colcon_core.package_identification:_identify(/home/rajeev/OneDrive/CODING/ROS/lg/src/lg-robot) by extensions ['ros']
[0.212s] Level 1:colcon.colcon_core.package_identification:_identify(/home/rajeev/OneDrive/CODING/ROS/lg/src/lg-robot) by extension 'ros'
[0.213s] DEBUG:colcon.colcon_core.package_identification:Package '/home/rajeev/OneDrive/CODING/ROS/lg/src/lg-robot' with type 'ros.ament_cmake' and name 'lg-robot'
[0.213s] Level 1:colcon.colcon_core.package_discovery:discover_packages(recursive) using defaults
