[0.061s] DEBUG:colcon:Command line arguments: ['/usr/bin/colcon', 'build']
[0.061s] DEBUG:colcon:Parsed command line arguments: Namespace(log_base=None, log_level=None, verb_name='build', build_base='build', install_base='install', merge_install=False, symlink_install=False, test_result_base=None, continue_on_error=False, executor='parallel', parallel_workers=12, event_handlers=None, ignore_user_meta=False, metas=['./colcon.meta'], base_paths=['.'], packages_ignore=None, packages_ignore_regex=None, paths=None, packages_up_to=None, packages_up_to_regex=None, packages_above=None, packages_above_and_dependencies=None, packages_above_depth=None, packages_select_by_dep=None, packages_skip_by_dep=None, packages_skip_up_to=None, packages_select_build_failed=False, packages_skip_build_finished=False, packages_select_test_failures=False, packages_skip_test_passed=False, packages_select=None, packages_skip=None, packages_select_regex=None, packages_skip_regex=None, packages_start=None, packages_end=None, allow_overriding=[], cmake_args=None, cmake_target=None, cmake_target_skip_unavailable=False, cmake_clean_cache=False, cmake_clean_first=False, cmake_force_configure=False, ament_cmake_args=None, catkin_cmake_args=None, catkin_skip_building_tests=False, verb_parser=<colcon_defaults.argument_parser.defaults.DefaultArgumentsDecorator object at 0x7ded31666080>, verb_extension=<colcon_core.verb.build.BuildVerb object at 0x7ded3174b310>, main=<bound method BuildVerb.main of <colcon_core.verb.build.BuildVerb object at 0x7ded3174b310>>)
[0.183s] Level 1:colcon.colcon_core.package_discovery:discover_packages(colcon_meta) check parameters
[0.184s] Level 1:colcon.colcon_core.package_discovery:discover_packages(recursive) check parameters
[0.184s] Level 1:colcon.colcon_core.package_discovery:discover_packages(ignore) check parameters
[0.184s] Level 1:colcon.colcon_core.package_discovery:discover_packages(path) check parameters
[0.184s] Level 1:colcon.colcon_core.package_discovery:discover_packages(colcon_meta) discover
[0.184s] Level 1:colcon.colcon_core.package_discovery:discover_packages(recursive) discover
[0.184s] INFO:colcon.colcon_core.package_discovery:Crawling recursively for packages in '/home/rajeev/OneDrive/CODING/ROS/lg'
[0.184s] Level 1:colcon.colcon_core.package_identification:_identify(.) by extensions ['ignore', 'ignore_ament_install']
[0.184s] Level 1:colcon.colcon_core.package_identification:_identify(.) by extension 'ignore'
[0.184s] Level 1:colcon.colcon_core.package_identification:_identify(.) by extension 'ignore_ament_install'
[0.184s] Level 1:colcon.colcon_core.package_identification:_identify(.) by extensions ['colcon_pkg']
[0.184s] Level 1:colcon.colcon_core.package_identification:_identify(.) by extension 'colcon_pkg'
[0.184s] Level 1:colcon.colcon_core.package_identification:_identify(.) by extensions ['colcon_meta']
[0.184s] Level 1:colcon.colcon_core.package_identification:_identify(.) by extension 'colcon_meta'
[0.184s] Level 1:colcon.colcon_core.package_identification:_identify(.) by extensions ['ros']
[0.184s] Level 1:colcon.colcon_core.package_identification:_identify(.) by extension 'ros'
[0.197s] Level 1:colcon.colcon_core.package_identification:_identify(.) by extensions ['cmake', 'python']
[0.197s] Level 1:colcon.colcon_core.package_identification:_identify(.) by extension 'cmake'
[0.197s] Level 1:colcon.colcon_core.package_identification:_identify(.) by extension 'python'
[0.197s] Level 1:colcon.colcon_core.package_identification:_identify(.) by extensions ['python_setup_py']
[0.197s] Level 1:colcon.colcon_core.package_identification:_identify(.) by extension 'python_setup_py'
[0.197s] Level 1:colcon.colcon_core.package_identification:_identify(build) by extensions ['ignore', 'ignore_ament_install']
[0.197s] Level 1:colcon.colcon_core.package_identification:_identify(build) by extension 'ignore'
[0.197s] Level 1:colcon.colcon_core.package_identification:_identify(build) ignored
[0.197s] Level 1:colcon.colcon_core.package_identification:_identify(install) by extensions ['ignore', 'ignore_ament_install']
[0.197s] Level 1:colcon.colcon_core.package_identification:_identify(install) by extension 'ignore'
[0.197s] Level 1:colcon.colcon_core.package_identification:_identify(install) ignored
[0.197s] Level 1:colcon.colcon_core.package_identification:_identify(log) by extensions ['ignore', 'ignore_ament_install']
[0.197s] Level 1:colcon.colcon_core.package_identification:_identify(log) by extension 'ignore'
[0.197s] Level 1:colcon.colcon_core.package_identification:_identify(log) ignored
[0.197s] Level 1:colcon.colcon_core.package_identification:_identify(src) by extensions ['ignore', 'ignore_ament_install']
[0.197s] Level 1:colcon.colcon_core.package_identification:_identify(src) by extension 'ignore'
[0.197s] Level 1:colcon.colcon_core.package_identification:_identify(src) by extension 'ignore_ament_install'
[0.198s] Level 1:colcon.colcon_core.package_identification:_identify(src) by extensions ['colcon_pkg']
[0.198s] Level 1:colcon.colcon_core.package_identification:_identify(src) by extension 'colcon_pkg'
[0.198s] Level 1:colcon.colcon_core.package_identification:_identify(src) by extensions ['colcon_meta']
[0.198s] Level 1:colcon.colcon_core.package_identification:_identify(src) by extension 'colcon_meta'
[0.198s] Level 1:colcon.colcon_core.package_identification:_identify(src) by extensions ['ros']
[0.198s] Level 1:colcon.colcon_core.package_identification:_identify(src) by extension 'ros'
[0.198s] Level 1:colcon.colcon_core.package_identification:_identify(src) by extensions ['cmake', 'python']
[0.198s] Level 1:colcon.colcon_core.package_identification:_identify(src) by extension 'cmake'
[0.198s] Level 1:colcon.colcon_core.package_identification:_identify(src) by extension 'python'
[0.198s] Level 1:colcon.colcon_core.package_identification:_identify(src) by extensions ['python_setup_py']
[0.198s] Level 1:colcon.colcon_core.package_identification:_identify(src) by extension 'python_setup_py'
[0.198s] Level 1:colcon.colcon_core.package_identification:_identify(src/lg-robot) by extensions ['ignore', 'ignore_ament_install']
[0.198s] Level 1:colcon.colcon_core.package_identification:_identify(src/lg-robot) by extension 'ignore'
[0.198s] Level 1:colcon.colcon_core.package_identification:_identify(src/lg-robot) by extension 'ignore_ament_install'
[0.198s] Level 1:colcon.colcon_core.package_identification:_identify(src/lg-robot) by extensions ['colcon_pkg']
[0.198s] Level 1:colcon.colcon_core.package_identification:_identify(src/lg-robot) by extension 'colcon_pkg'
[0.198s] Level 1:colcon.colcon_core.package_identification:_identify(src/lg-robot) by extensions ['colcon_meta']
[0.198s] Level 1:colcon.colcon_core.package_identification:_identify(src/lg-robot) by extension 'colcon_meta'
[0.198s] Level 1:colcon.colcon_core.package_identification:_identify(src/lg-robot) by extensions ['ros']
[0.198s] Level 1:colcon.colcon_core.package_identification:_identify(src/lg-robot) by extension 'ros'
[0.199s] DEBUG:colcon.colcon_core.package_identification:Package 'src/lg-robot' with type 'ros.ament_cmake' and name 'lg-robot'
[0.199s] Level 1:colcon.colcon_core.package_discovery:discover_packages(recursive) using defaults
[0.199s] Level 1:colcon.colcon_core.package_discovery:discover_packages(ignore) discover
[0.200s] Level 1:colcon.colcon_core.package_discovery:discover_packages(ignore) using defaults
[0.200s] Level 1:colcon.colcon_core.package_discovery:discover_packages(path) discover
[0.200s] Level 1:colcon.colcon_core.package_discovery:discover_packages(path) using defaults
[0.213s] Level 1:colcon.colcon_core.package_discovery:discover_packages(prefix_path) check parameters
[0.213s] Level 1:colcon.colcon_core.package_discovery:discover_packages(prefix_path) discover
[0.214s] DEBUG:colcon.colcon_installed_package_information.package_discovery:Found 2 installed packages in /home/rajeev/OneDrive/CODING/ROS/lg/install
[0.215s] DEBUG:colcon.colcon_installed_package_information.package_discovery:Found 15 installed packages in /home/rajeev/turtle/install
[0.216s] DEBUG:colcon.colcon_installed_package_information.package_discovery:Found 490 installed packages in /opt/ros/humble
[0.217s] Level 1:colcon.colcon_core.package_discovery:discover_packages(prefix_path) using defaults
[0.247s] Level 5:colcon.colcon_core.verb:set package 'lg-robot' build argument 'cmake_args' from command line to 'None'
[0.247s] Level 5:colcon.colcon_core.verb:set package 'lg-robot' build argument 'cmake_target' from command line to 'None'
[0.247s] Level 5:colcon.colcon_core.verb:set package 'lg-robot' build argument 'cmake_target_skip_unavailable' from command line to 'False'
[0.247s] Level 5:colcon.colcon_core.verb:set package 'lg-robot' build argument 'cmake_clean_cache' from command line to 'False'
[0.247s] Level 5:colcon.colcon_core.verb:set package 'lg-robot' build argument 'cmake_clean_first' from command line to 'False'
[0.247s] Level 5:colcon.colcon_core.verb:set package 'lg-robot' build argument 'cmake_force_configure' from command line to 'False'
[0.247s] Level 5:colcon.colcon_core.verb:set package 'lg-robot' build argument 'ament_cmake_args' from command line to 'None'
[0.247s] Level 5:colcon.colcon_core.verb:set package 'lg-robot' build argument 'catkin_cmake_args' from command line to 'None'
[0.247s] Level 5:colcon.colcon_core.verb:set package 'lg-robot' build argument 'catkin_skip_building_tests' from command line to 'False'
[0.247s] DEBUG:colcon.colcon_core.verb:Building package 'lg-robot' with the following arguments: {'ament_cmake_args': None, 'build_base': '/home/rajeev/OneDrive/CODING/ROS/lg/build/lg-robot', 'catkin_cmake_args': None, 'catkin_skip_building_tests': False, 'cmake_args': None, 'cmake_clean_cache': False, 'cmake_clean_first': False, 'cmake_force_configure': False, 'cmake_target': None, 'cmake_target_skip_unavailable': False, 'install_base': '/home/rajeev/OneDrive/CODING/ROS/lg/install/lg-robot', 'merge_install': False, 'path': '/home/rajeev/OneDrive/CODING/ROS/lg/src/lg-robot', 'symlink_install': False, 'test_result_base': None}
[0.247s] INFO:colcon.colcon_core.executor:Executing jobs using 'parallel' executor
[0.248s] DEBUG:colcon.colcon_parallel_executor.executor.parallel:run_until_complete
[0.248s] INFO:colcon.colcon_ros.task.ament_cmake.build:Building ROS package in '/home/rajeev/OneDrive/CODING/ROS/lg/src/lg-robot' with build type 'ament_cmake'
[0.248s] INFO:colcon.colcon_cmake.task.cmake.build:Building CMake package in '/home/rajeev/OneDrive/CODING/ROS/lg/src/lg-robot'
[0.249s] INFO:colcon.colcon_core.plugin_system:Skipping extension 'colcon_core.shell.bat': Not used on non-Windows systems
[0.249s] INFO:colcon.colcon_core.shell:Skip shell extension 'powershell' for command environment: Not usable outside of PowerShell
[0.249s] DEBUG:colcon.colcon_core.shell:Skip shell extension 'dsv' for command environment
[0.260s] DEBUG:colcon.colcon_core.event_handler.log_command:Invoking command in '/home/rajeev/OneDrive/CODING/ROS/lg/build/lg-robot': CMAKE_PREFIX_PATH=${CMAKE_PREFIX_PATH}:/home/rajeev/turtle/install/turtlebot3_teleop:/home/rajeev/turtle/install/turtlebot3_example:/opt/ros/humble /usr/bin/cmake --build /home/rajeev/OneDrive/CODING/ROS/lg/build/lg-robot -- -j12 -l12
[0.294s] DEBUG:colcon.colcon_core.event_handler.log_command:Invoked command in '/home/rajeev/OneDrive/CODING/ROS/lg/build/lg-robot' returned '0': CMAKE_PREFIX_PATH=${CMAKE_PREFIX_PATH}:/home/rajeev/turtle/install/turtlebot3_teleop:/home/rajeev/turtle/install/turtlebot3_example:/opt/ros/humble /usr/bin/cmake --build /home/rajeev/OneDrive/CODING/ROS/lg/build/lg-robot -- -j12 -l12
[0.331s] DEBUG:colcon.colcon_core.event_handler.log_command:Invoking command in '/home/rajeev/OneDrive/CODING/ROS/lg/build/lg-robot': CMAKE_PREFIX_PATH=${CMAKE_PREFIX_PATH}:/home/rajeev/turtle/install/turtlebot3_teleop:/home/rajeev/turtle/install/turtlebot3_example:/opt/ros/humble /usr/bin/cmake --install /home/rajeev/OneDrive/CODING/ROS/lg/build/lg-robot
[0.345s] Level 1:colcon.colcon_core.environment:create_environment_scripts_only(lg-robot)
[0.345s] DEBUG:colcon.colcon_core.event_handler.log_command:Invoked command in '/home/rajeev/OneDrive/CODING/ROS/lg/build/lg-robot' returned '0': CMAKE_PREFIX_PATH=${CMAKE_PREFIX_PATH}:/home/rajeev/turtle/install/turtlebot3_teleop:/home/rajeev/turtle/install/turtlebot3_example:/opt/ros/humble /usr/bin/cmake --install /home/rajeev/OneDrive/CODING/ROS/lg/build/lg-robot
[0.350s] Level 1:colcon.colcon_core.environment:checking '/home/rajeev/OneDrive/CODING/ROS/lg/install/lg-robot' for CMake module files
[0.351s] Level 1:colcon.colcon_core.environment:checking '/home/rajeev/OneDrive/CODING/ROS/lg/install/lg-robot' for CMake config files
[0.352s] Level 1:colcon.colcon_core.shell:create_environment_hook('lg-robot', 'cmake_prefix_path')
[0.353s] INFO:colcon.colcon_core.shell:Creating environment hook '/home/rajeev/OneDrive/CODING/ROS/lg/install/lg-robot/share/lg-robot/hook/cmake_prefix_path.ps1'
[0.354s] INFO:colcon.colcon_core.shell:Creating environment descriptor '/home/rajeev/OneDrive/CODING/ROS/lg/install/lg-robot/share/lg-robot/hook/cmake_prefix_path.dsv'
[0.355s] INFO:colcon.colcon_core.shell:Creating environment hook '/home/rajeev/OneDrive/CODING/ROS/lg/install/lg-robot/share/lg-robot/hook/cmake_prefix_path.sh'
[0.357s] Level 1:colcon.colcon_core.environment:checking '/home/rajeev/OneDrive/CODING/ROS/lg/install/lg-robot/bin'
[0.357s] Level 1:colcon.colcon_core.environment:checking '/home/rajeev/OneDrive/CODING/ROS/lg/install/lg-robot/lib/pkgconfig/lg-robot.pc'
[0.357s] Level 1:colcon.colcon_core.environment:checking '/home/rajeev/OneDrive/CODING/ROS/lg/install/lg-robot/lib/python3.10/site-packages'
[0.358s] Level 1:colcon.colcon_core.environment:checking '/home/rajeev/OneDrive/CODING/ROS/lg/install/lg-robot/bin'
[0.358s] INFO:colcon.colcon_core.shell:Creating package script '/home/rajeev/OneDrive/CODING/ROS/lg/install/lg-robot/share/lg-robot/package.ps1'
[0.360s] INFO:colcon.colcon_core.shell:Creating package descriptor '/home/rajeev/OneDrive/CODING/ROS/lg/install/lg-robot/share/lg-robot/package.dsv'
[0.361s] INFO:colcon.colcon_core.shell:Creating package script '/home/rajeev/OneDrive/CODING/ROS/lg/install/lg-robot/share/lg-robot/package.sh'
[0.362s] INFO:colcon.colcon_core.shell:Creating package script '/home/rajeev/OneDrive/CODING/ROS/lg/install/lg-robot/share/lg-robot/package.bash'
[0.363s] INFO:colcon.colcon_core.shell:Creating package script '/home/rajeev/OneDrive/CODING/ROS/lg/install/lg-robot/share/lg-robot/package.zsh'
[0.364s] Level 1:colcon.colcon_core.environment:create_file_with_runtime_dependencies(/home/rajeev/OneDrive/CODING/ROS/lg/install/lg-robot/share/colcon-core/packages/lg-robot)
[0.397s] Level 1:colcon.colcon_core.environment:create_environment_scripts_only(lg-robot)
[0.397s] Level 1:colcon.colcon_core.environment:checking '/home/rajeev/OneDrive/CODING/ROS/lg/install/lg-robot' for CMake module files
[0.398s] Level 1:colcon.colcon_core.environment:checking '/home/rajeev/OneDrive/CODING/ROS/lg/install/lg-robot' for CMake config files
[0.399s] Level 1:colcon.colcon_core.shell:create_environment_hook('lg-robot', 'cmake_prefix_path')
[0.400s] INFO:colcon.colcon_core.shell:Creating environment hook '/home/rajeev/OneDrive/CODING/ROS/lg/install/lg-robot/share/lg-robot/hook/cmake_prefix_path.ps1'
[0.400s] INFO:colcon.colcon_core.shell:Creating environment descriptor '/home/rajeev/OneDrive/CODING/ROS/lg/install/lg-robot/share/lg-robot/hook/cmake_prefix_path.dsv'
[0.401s] INFO:colcon.colcon_core.shell:Creating environment hook '/home/rajeev/OneDrive/CODING/ROS/lg/install/lg-robot/share/lg-robot/hook/cmake_prefix_path.sh'
[0.402s] Level 1:colcon.colcon_core.environment:checking '/home/rajeev/OneDrive/CODING/ROS/lg/install/lg-robot/bin'
[0.402s] Level 1:colcon.colcon_core.environment:checking '/home/rajeev/OneDrive/CODING/ROS/lg/install/lg-robot/lib/pkgconfig/lg-robot.pc'
[0.403s] Level 1:colcon.colcon_core.environment:checking '/home/rajeev/OneDrive/CODING/ROS/lg/install/lg-robot/lib/python3.10/site-packages'
[0.403s] Level 1:colcon.colcon_core.environment:checking '/home/rajeev/OneDrive/CODING/ROS/lg/install/lg-robot/bin'
[0.403s] INFO:colcon.colcon_core.shell:Creating package script '/home/rajeev/OneDrive/CODING/ROS/lg/install/lg-robot/share/lg-robot/package.ps1'
[0.404s] INFO:colcon.colcon_core.shell:Creating package descriptor '/home/rajeev/OneDrive/CODING/ROS/lg/install/lg-robot/share/lg-robot/package.dsv'
[0.405s] INFO:colcon.colcon_core.shell:Creating package script '/home/rajeev/OneDrive/CODING/ROS/lg/install/lg-robot/share/lg-robot/package.sh'
[0.405s] INFO:colcon.colcon_core.shell:Creating package script '/home/rajeev/OneDrive/CODING/ROS/lg/install/lg-robot/share/lg-robot/package.bash'
[0.406s] INFO:colcon.colcon_core.shell:Creating package script '/home/rajeev/OneDrive/CODING/ROS/lg/install/lg-robot/share/lg-robot/package.zsh'
[0.406s] Level 1:colcon.colcon_core.environment:create_file_with_runtime_dependencies(/home/rajeev/OneDrive/CODING/ROS/lg/install/lg-robot/share/colcon-core/packages/lg-robot)
[0.406s] DEBUG:colcon.colcon_parallel_executor.executor.parallel:closing loop
[0.407s] DEBUG:colcon.colcon_parallel_executor.executor.parallel:loop closed
[0.407s] DEBUG:colcon.colcon_parallel_executor.executor.parallel:run_until_complete finished with '0'
[0.407s] DEBUG:colcon.colcon_core.event_reactor:joining thread
[0.414s] INFO:colcon.colcon_core.plugin_system:Skipping extension 'colcon_notification.desktop_notification.terminal_notifier': Not used on non-Darwin systems
[0.414s] INFO:colcon.colcon_core.plugin_system:Skipping extension 'colcon_notification.desktop_notification.win32': Not used on non-Windows systems
[0.414s] INFO:colcon.colcon_notification.desktop_notification:Sending desktop notification using 'notify2'
[0.433s] DEBUG:colcon.colcon_core.event_reactor:joined thread
[0.433s] INFO:colcon.colcon_core.shell:Creating prefix script '/home/rajeev/OneDrive/CODING/ROS/lg/install/local_setup.ps1'
[0.435s] INFO:colcon.colcon_core.shell:Creating prefix util module '/home/rajeev/OneDrive/CODING/ROS/lg/install/_local_setup_util_ps1.py'
[0.437s] INFO:colcon.colcon_core.shell:Creating prefix chain script '/home/rajeev/OneDrive/CODING/ROS/lg/install/setup.ps1'
[0.440s] INFO:colcon.colcon_core.shell:Creating prefix script '/home/rajeev/OneDrive/CODING/ROS/lg/install/local_setup.sh'
[0.441s] INFO:colcon.colcon_core.shell:Creating prefix util module '/home/rajeev/OneDrive/CODING/ROS/lg/install/_local_setup_util_sh.py'
[0.442s] INFO:colcon.colcon_core.shell:Creating prefix chain script '/home/rajeev/OneDrive/CODING/ROS/lg/install/setup.sh'
[0.445s] INFO:colcon.colcon_core.shell:Creating prefix script '/home/rajeev/OneDrive/CODING/ROS/lg/install/local_setup.bash'
[0.445s] INFO:colcon.colcon_core.shell:Creating prefix chain script '/home/rajeev/OneDrive/CODING/ROS/lg/install/setup.bash'
[0.447s] INFO:colcon.colcon_core.shell:Creating prefix script '/home/rajeev/OneDrive/CODING/ROS/lg/install/local_setup.zsh'
[0.448s] INFO:colcon.colcon_core.shell:Creating prefix chain script '/home/rajeev/OneDrive/CODING/ROS/lg/install/setup.zsh'
